[debug] [2018-07-19T13:26:47.796Z] ----------------------------------------------------------------------
[debug] [2018-07-19T13:26:47.804Z] Command:       C:\Program Files\nodejs\node.exe C:\Users\Rav\AppData\Roaming\npm\node_modules\firebase-tools\bin\firebase serve
[debug] [2018-07-19T13:26:47.804Z] CLI Version:   3.19.3
[debug] [2018-07-19T13:26:47.804Z] Platform:      win32
[debug] [2018-07-19T13:26:47.804Z] Node Version:  v8.11.1
[debug] [2018-07-19T13:26:47.804Z] Time:          Thu Jul 19 2018 09:26:47 GMT-0400 (Hora est. Sudamérica Pacífico)
[debug] [2018-07-19T13:26:47.805Z] ----------------------------------------------------------------------
[debug] 
[debug] [2018-07-19T13:26:47.885Z] > command requires scopes: ["email","openid","https://www.googleapis.com/auth/cloudplatformprojects.readonly","https://www.googleapis.com/auth/firebase","https://www.googleapis.com/auth/cloud-platform"]
[debug] [2018-07-19T13:26:47.885Z] > authorizing via signed-in user
[debug] [2018-07-19T13:26:47.887Z] > refreshing access token with scopes: ["email","https://www.googleapis.com/auth/cloud-platform","https://www.googleapis.com/auth/cloudplatformprojects.readonly","https://www.googleapis.com/auth/firebase","openid"]
[debug] [2018-07-19T13:26:47.887Z] >>> HTTP REQUEST POST https://www.googleapis.com/oauth2/v3/token  
 { refresh_token: '1/sVBatB0rOqmTIz6zWKKUD_e16LujMeDXP4FesIE3aB8',
  client_id: '563584335869-fgrhgmd47bqnekij5i8b5pr03ho849e6.apps.googleusercontent.com',
  client_secret: 'j9iVZfS8kkCEFUPaAeJV0sAi',
  grant_type: 'refresh_token',
  scope: 'email https://www.googleapis.com/auth/cloud-platform https://www.googleapis.com/auth/cloudplatformprojects.readonly https://www.googleapis.com/auth/firebase openid' } 
 Thu Jul 19 2018 09:26:47 GMT-0400 (Hora est. Sudamérica Pacífico)
[debug] [2018-07-19T13:26:48.162Z] <<< HTTP RESPONSE 200
[debug] [2018-07-19T13:26:48.192Z] >>> HTTP REQUEST GET https://admin.firebase.com/v1/projects/social-network-d7373  
  
 Thu Jul 19 2018 09:26:48 GMT-0400 (Hora est. Sudamérica Pacífico)
[debug] [2018-07-19T13:26:48.955Z] <<< HTTP RESPONSE 200
[debug] [2018-07-19T13:26:48.957Z] >>> HTTP REQUEST GET https://admin.firebase.com/v1/database/social-network-d7373/tokens  
  
 Thu Jul 19 2018 09:26:48 GMT-0400 (Hora est. Sudamérica Pacífico)
[debug] [2018-07-19T13:26:49.771Z] <<< HTTP RESPONSE 200
[debug] [2018-07-19T13:26:49.771Z] >>> HTTP REQUEST GET https://cloudresourcemanager.googleapis.com/v1/projects/social-network-d7373  
  
 Thu Jul 19 2018 09:26:49 GMT-0400 (Hora est. Sudamérica Pacífico)
[debug] [2018-07-19T13:26:50.834Z] <<< HTTP RESPONSE 200
[info] 
[info] === Serving from 'C:\Users\Rav\Documents\Laboratoria\projects\scl-2018-05-bc-core-am-socialnetwork'...
[info] 
[info] i  functions: Preparing to emulate functions.
[debug] [2018-07-19T13:27:00.588Z] Fetching environment
[debug] [2018-07-19T13:27:00.590Z] >>> HTTP REQUEST GET https://mobilesdk-pa.googleapis.com/v1/projects/188592192471:getServerAppConfig  
  
 Thu Jul 19 2018 09:27:00 GMT-0400 (Hora est. Sudamérica Pacífico)
[debug] [2018-07-19T13:27:01.067Z] <<< HTTP RESPONSE 200
[debug] [2018-07-19T13:27:01.068Z] Starting @google-cloud/functions-emulator
[debug] [2018-07-19T13:27:07.200Z] Parsing function triggers
[info] i  functions: No HTTPS functions found. Use firebase functions:shell if you would like to emulate other types of functions.
